<?xml version="1.0" encoding="UTF-8"?>
<!-- Generated by org.testng.reporters.JUnitXMLReporter -->
<testsuite ignored="0" hostname="DESKTOP-H4087GT" failures="0" tests="6" name="Test2" time="42.475" errors="0" timestamp="2023-12-12T22:16:50 IST">
  <testcase classname="testNGBasic.DataProvider_Example" name="verifyuserNamePassword" time="2.095"/>
  <testcase classname="testNGBasic.DataProvider_Example" name="verifyuserNamePassword" time="0.634"/>
  <testcase classname="testNGBasic.DataProvider_Example" name="verifyuserNamePassword" time="0.537"/>
  <testcase classname="testNGBasic.SoftAssert_Example" name="verifyStatusOfRememberMeCb" time="0.0">
    <skipped/>
  </testcase> <!-- verifyStatusOfRememberMeCb -->
  <testcase classname="testNGBasic.SoftAssert_Example" name="verifyStatusOfRememberMeCb" time="0.001">
    <skipped/>
  </testcase> <!-- verifyStatusOfRememberMeCb -->
  <testcase classname="testNGBasic.SoftAssert_Example" name="verifyStatusOfRememberMeCb" time="0.0">
    <skipped/>
  </testcase> <!-- verifyStatusOfRememberMeCb -->
</testsuite> <!-- Test2 -->
