<?xml version="1.0" encoding="UTF-8"?>
<!-- Generated by org.testng.reporters.JUnitXMLReporter -->
<testsuite ignored="1" hostname="DESKTOP-H4087GT" failures="0" tests="3" name="Default test" time="19.756" errors="0" timestamp="2023-12-12T21:28:54 IST">
  <testcase classname="testNGBasic.DataProvider_Example" name="verifyuserNamePassword" time="0.428"/>
  <testcase classname="testNGBasic.DataProvider_Example" name="verifyuserNamePassword" time="0.476"/>
  <testcase classname="testNGBasic.DataProvider_Example" name="verifyuserNamePassword" time="0.435"/>
  <testcase classname="testNGBasic.DataProvider_Example" name="verifyProductSearch" time="0.0">
    <ignored/>
  </testcase> <!-- verifyProductSearch -->
</testsuite> <!-- Default test -->
